<?xml version="1.0" encoding="UTF-8"?>
<!-- Generated by org.testng.reporters.JUnitXMLReporter -->
<testsuite ignored="0" hostname="DESKTOP-FUQKOE5" failures="0" tests="5" name="Surefire test" time="27.687" errors="0" timestamp="2025-08-31T00:30:26 BDT">
  <testcase classname="testCases.TestAccountLoginPage_TC002" name="verifyLogin" time="7.738"/>
  <testcase classname="testCases.TestAccountLogoutPage_TC003" name="verifyLogout" time="3.33"/>
  <testcase classname="testCases.TestAccountRegistrationPage_TC001" name="verifyAccountRegistration" time="2.884"/>
  <testcase classname="testCases.TestAddToCartPage_TC005" name="verifyAddToCart" time="1.461"/>
  <testcase classname="testCases.TestSearchProduct_TC004" name="verifySearch" time="0.596"/>
</testsuite> <!-- Surefire test -->
