<?xml version="1.0" encoding="UTF-8"?>
<!-- Generated by org.testng.reporters.JUnitXMLReporter -->
<testsuite ignored="0" hostname="DESKTOP-FUQKOE5" failures="0" tests="6" name="Default test" time="77.489" errors="0" timestamp="2025-08-30T20:44:28 BDT">
  <testcase classname="testCases.DDTestAccountLoginPage_TC006" name="verifyDDTestLoginPage" time="2.157"/>
  <testcase classname="testCases.DDTestAccountLoginPage_TC006" name="verifyDDTestLoginPage" time="2.017"/>
  <testcase classname="testCases.DDTestAccountLoginPage_TC006" name="verifyDDTestLoginPage" time="21.448"/>
  <testcase classname="testCases.DDTestAccountLoginPage_TC006" name="verifyDDTestLoginPage" time="20.869"/>
  <testcase classname="testCases.DDTestAccountLoginPage_TC006" name="verifyDDTestLoginPage" time="1.774"/>
  <testcase classname="testCases.DDTestAccountLoginPage_TC006" name="verifyDDTestLoginPage" time="21.549"/>
</testsuite> <!-- Default test -->
