<?xml version="1.0" encoding="UTF-8"?>
<!-- Generated by org.testng.reporters.JUnitXMLReporter -->
<testsuite ignored="0" hostname="DESKTOP-FUQKOE5" failures="0" tests="11" name="Test" time="126.918" errors="0" timestamp="2025-09-01T01:05:23 BDT">
  <testcase classname="testCases.TestAccountRegistrationPage_TC001" name="verifyAccountRegistration" time="3.136"/>
  <testcase classname="testCases.TestAccountLoginPage_TC002" name="verifyLogin" time="2.19"/>
  <testcase classname="testCases.TestAccountLogoutPage_TC003" name="verifyLogout" time="2.94"/>
  <testcase classname="testCases.TestSearchProduct_TC004" name="verifySearch" time="0.613"/>
  <testcase classname="testCases.TestAddToCartPage_TC005" name="verifyAddToCart" time="1.617"/>
  <testcase classname="testCases.DDTestAccountLoginPage_TC006" name="verifyDDTestLoginPage" time="2.109"/>
  <testcase classname="testCases.DDTestAccountLoginPage_TC006" name="verifyDDTestLoginPage" time="2.329"/>
  <testcase classname="testCases.DDTestAccountLoginPage_TC006" name="verifyDDTestLoginPage" time="31.567"/>
  <testcase classname="testCases.DDTestAccountLoginPage_TC006" name="verifyDDTestLoginPage" time="31.228"/>
  <testcase classname="testCases.DDTestAccountLoginPage_TC006" name="verifyDDTestLoginPage" time="1.835"/>
  <testcase classname="testCases.DDTestAccountLoginPage_TC006" name="verifyDDTestLoginPage" time="30.9"/>
</testsuite> <!-- Test -->
