<?xml version="1.0" encoding="UTF-8"?>
<testsuite xmlns:xsi="http://www.w3.org/2001/XMLSchema-instance" xsi:noNamespaceSchemaLocation="https://maven.apache.org/surefire/maven-surefire-plugin/xsd/surefire-test-report-3.0.xsd" version="3.0" name="TestSuite" time="28.555" tests="5" errors="0" skipped="0" failures="0">
  <properties>
[...]
</properties>
  <testcase name="verifyLogin" classname="testCases.TestAccountLoginPage_TC002" time="7.842">
    <system-out><![CDATA[2025-08-31 00:30:02 INFO  TestAccountLoginPage_TC002:14 - ****Starting TestAccountLoginPageTC002****
2025-08-31 00:30:02 INFO  TestAccountLoginPage_TC002:16 - Clicking on My Account Link..
2025-08-31 00:30:03 INFO  TestAccountLoginPage_TC002:18 - Clicking on Login Link..
2025-08-31 00:30:09 INFO  TestAccountLoginPage_TC002:36 - ****End TestAccountLoginPageTC002****
]]></system-out>
    <system-err><![CDATA[SLF4J(W): No SLF4J providers were found.
SLF4J(W): Defaulting to no-operation (NOP) logger implementation
SLF4J(W): See https://www.slf4j.org/codes.html#noProviders for further details.
SLF4J(W): Class path contains SLF4J bindings targeting slf4j-api versions 1.7.x or earlier.
SLF4J(W): Ignoring binding found at [jar:file:/C:/Users/DELL/.m2/repository/org/apache/logging/log4j/log4j-slf4j-impl/2.25.1/log4j-slf4j-impl-2.25.1.jar!/org/slf4j/impl/StaticLoggerBinder.class]
SLF4J(W): See https://www.slf4j.org/codes.html#ignoredBindings for an explanation.
2025-08-30T18:29:59.516241300Z main INFO Starting configuration XmlConfiguration[location=C:\Automation\eclipse-workspace\opencartV03\target\test-classes\log4j2.xml, lastModified=2025-08-26T20:30:06.900Z]...
2025-08-30T18:29:59.517239200Z main INFO Configuration XmlConfiguration[location=C:\Automation\eclipse-workspace\opencartV03\target\test-classes\log4j2.xml, lastModified=2025-08-26T20:30:06.900Z] started.
2025-08-30T18:29:59.521238400Z main INFO Stopping configuration org.apache.logging.log4j.core.config.DefaultConfiguration@497486b3...
2025-08-30T18:29:59.521238400Z main INFO Configuration org.apache.logging.log4j.core.config.DefaultConfiguration@497486b3 stopped.
]]></system-err>
  </testcase>
  <testcase name="verifyLogout" classname="testCases.TestAccountLogoutPage_TC003" time="3.336">
    <system-out><![CDATA[2025-08-31 00:30:12 INFO  TestAccountLogoutPage_TC003:15 - ****Starting TestAccountLogoutPage_TC003****
2025-08-31 00:30:12 INFO  TestAccountLogoutPage_TC003:17 - Clicking on My Account Link..
2025-08-31 00:30:12 INFO  TestAccountLogoutPage_TC003:19 - Clicking on Login Link..
2025-08-31 00:30:15 INFO  TestAccountLogoutPage_TC003:47 - ****End TestAccountLogoutPage_TC003****
]]></system-out>
  </testcase>
  <testcase name="verifyAccountRegistration" classname="testCases.TestAccountRegistrationPage_TC001" time="2.886">
    <system-out><![CDATA[2025-08-31 00:30:17 INFO  TestAccountRegistrationPage_TC001:14 - ****Starting TestAccountRegistrationPageTC001****
2025-08-31 00:30:17 INFO  TestAccountRegistrationPage_TC001:17 - Clicking on My Account Link..
2025-08-31 00:30:17 INFO  TestAccountRegistrationPage_TC001:19 - Clicking on Register Link..
2025-08-31 00:30:18 INFO  TestAccountRegistrationPage_TC001:24 - Providing Customer Details..
2025-08-31 00:30:20 INFO  TestAccountRegistrationPage_TC001:44 - Validating Expected Massage..
2025-08-31 00:30:20 INFO  TestAccountRegistrationPage_TC001:48 - ****Ending TestAccountRegistrationPageTC001****
]]></system-out>
  </testcase>
  <testcase name="verifyAddToCart" classname="testCases.TestAddToCartPage_TC005" time="1.463">
    <system-out><![CDATA[2025-08-31 00:30:22 INFO  TestAddToCartPage_TC005:14 - ****Starting TestAddToCartPage_TC005****
Error setting quantity: Keys to send should be a not null CharSequence
2025-08-31 00:30:23 INFO  TestAddToCartPage_TC005:40 - ****End TestAddToCartPage_TC005****
]]></system-out>
  </testcase>
  <testcase name="verifySearch" classname="testCases.TestSearchProduct_TC004" time="0.597">
    <system-out><![CDATA[2025-08-31 00:30:25 INFO  TestSearchProduct_TC004:13 - ****Starting TestSearchProduct_TC004****
2025-08-31 00:30:26 INFO  TestSearchProduct_TC004:28 - ****End TestSearchProduct_TC004****
]]></system-out>
  </testcase>
</testsuite>