<?xml version="1.0" encoding="UTF-8"?>
<testng-results ignored="0" total="11" passed="11" failed="0" skipped="0">
  <reporter-output>
  </reporter-output>
  <suite started-at="2025-09-01T01:03:15 BDT" name="Suite" finished-at="2025-09-01T01:05:21 BDT" duration-ms="126918">
    <groups>
      <group name="Master">
        <method signature="TestAccountLoginPage_TC002.verifyLogin()[pri:0, instance:testCases.TestAccountLoginPage_TC002@7d9f158f]" name="verifyLogin" class="testCases.TestAccountLoginPage_TC002"/>
        <method signature="TestAccountLogoutPage_TC003.verifyLogout()[pri:0, instance:testCases.TestAccountLogoutPage_TC003@45efd90f]" name="verifyLogout" class="testCases.TestAccountLogoutPage_TC003"/>
        <method signature="TestAccountRegistrationPage_TC001.verifyAccountRegistration()[pri:0, instance:testCases.TestAccountRegistrationPage_TC001@7f2cfe3f]" name="verifyAccountRegistration" class="testCases.TestAccountRegistrationPage_TC001"/>
        <method signature="TestAddToCartPage_TC005.verifyAddToCart()[pri:0, instance:testCases.TestAddToCartPage_TC005@61710c6]" name="verifyAddToCart" class="testCases.TestAddToCartPage_TC005"/>
        <method signature="TestSearchProduct_TC004.verifySearch()[pri:0, instance:testCases.TestSearchProduct_TC004@4b8729ff]" name="verifySearch" class="testCases.TestSearchProduct_TC004"/>
      </group> <!-- Master -->
      <group name="datadriven">
        <method signature="DDTestAccountLoginPage_TC006.verifyDDTestLoginPage(java.lang.String,java.lang.String,java.lang.String)[pri:0, instance:testCases.DDTestAccountLoginPage_TC006@3214ee6]" name="verifyDDTestLoginPage" class="testCases.DDTestAccountLoginPage_TC006"/>
      </group> <!-- datadriven -->
      <group name="Regression">
        <method signature="TestAccountLoginPage_TC002.verifyLogin()[pri:0, instance:testCases.TestAccountLoginPage_TC002@7d9f158f]" name="verifyLogin" class="testCases.TestAccountLoginPage_TC002"/>
        <method signature="TestAccountLogoutPage_TC003.verifyLogout()[pri:0, instance:testCases.TestAccountLogoutPage_TC003@45efd90f]" name="verifyLogout" class="testCases.TestAccountLogoutPage_TC003"/>
        <method signature="TestAccountRegistrationPage_TC001.verifyAccountRegistration()[pri:0, instance:testCases.TestAccountRegistrationPage_TC001@7f2cfe3f]" name="verifyAccountRegistration" class="testCases.TestAccountRegistrationPage_TC001"/>
        <method signature="TestAddToCartPage_TC005.verifyAddToCart()[pri:0, instance:testCases.TestAddToCartPage_TC005@61710c6]" name="verifyAddToCart" class="testCases.TestAddToCartPage_TC005"/>
        <method signature="TestSearchProduct_TC004.verifySearch()[pri:0, instance:testCases.TestSearchProduct_TC004@4b8729ff]" name="verifySearch" class="testCases.TestSearchProduct_TC004"/>
      </group> <!-- Regression -->
    </groups>
    <test started-at="2025-09-01T01:03:15 BDT" name="Test" finished-at="2025-09-01T01:05:21 BDT" duration-ms="126918">
      <class name="testCases.TestAccountRegistrationPage_TC001">
        <test-method is-config="true" signature="setUp(java.lang.String,java.lang.String)[pri:0, instance:testCases.TestAccountRegistrationPage_TC001@7f2cfe3f]" started-at="2025-09-01T01:03:15 BDT" name="setUp" finished-at="2025-09-01T01:03:19 BDT" duration-ms="4510" status="PASS">
          <params>
            <param index="0">
              <value>
                <![CDATA[windows]]>
              </value>
            </param>
            <param index="1">
              <value>
                <![CDATA[chrome]]>
              </value>
            </param>
          </params>
          <reporter-output>
          </reporter-output>
        </test-method> <!-- setUp -->
        <test-method signature="verifyAccountRegistration()[pri:0, instance:testCases.TestAccountRegistrationPage_TC001@7f2cfe3f]" started-at="2025-09-01T01:03:19 BDT" name="verifyAccountRegistration" finished-at="2025-09-01T01:03:23 BDT" duration-ms="3136" status="PASS">
          <reporter-output>
          </reporter-output>
        </test-method> <!-- verifyAccountRegistration -->
        <test-method is-config="true" signature="tearDown()[pri:0, instance:testCases.TestAccountRegistrationPage_TC001@7f2cfe3f]" started-at="2025-09-01T01:03:23 BDT" name="tearDown" finished-at="2025-09-01T01:03:23 BDT" duration-ms="237" status="PASS">
          <reporter-output>
          </reporter-output>
        </test-method> <!-- tearDown -->
      </class> <!-- testCases.TestAccountRegistrationPage_TC001 -->
      <class name="testCases.TestAddToCartPage_TC005">
        <test-method is-config="true" signature="setUp(java.lang.String,java.lang.String)[pri:0, instance:testCases.TestAddToCartPage_TC005@61710c6]" started-at="2025-09-01T01:03:35 BDT" name="setUp" finished-at="2025-09-01T01:03:36 BDT" duration-ms="1850" status="PASS">
          <params>
            <param index="0">
              <value>
                <![CDATA[windows]]>
              </value>
            </param>
            <param index="1">
              <value>
                <![CDATA[chrome]]>
              </value>
            </param>
          </params>
          <reporter-output>
          </reporter-output>
        </test-method> <!-- setUp -->
        <test-method signature="verifyAddToCart()[pri:0, instance:testCases.TestAddToCartPage_TC005@61710c6]" started-at="2025-09-01T01:03:36 BDT" name="verifyAddToCart" finished-at="2025-09-01T01:03:38 BDT" duration-ms="1617" status="PASS">
          <reporter-output>
          </reporter-output>
        </test-method> <!-- verifyAddToCart -->
        <test-method is-config="true" signature="tearDown()[pri:0, instance:testCases.TestAddToCartPage_TC005@61710c6]" started-at="2025-09-01T01:03:38 BDT" name="tearDown" finished-at="2025-09-01T01:03:38 BDT" duration-ms="234" status="PASS">
          <reporter-output>
          </reporter-output>
        </test-method> <!-- tearDown -->
      </class> <!-- testCases.TestAddToCartPage_TC005 -->
      <class name="testCases.TestAccountLoginPage_TC002">
        <test-method is-config="true" signature="setUp(java.lang.String,java.lang.String)[pri:0, instance:testCases.TestAccountLoginPage_TC002@7d9f158f]" started-at="2025-09-01T01:03:23 BDT" name="setUp" finished-at="2025-09-01T01:03:25 BDT" duration-ms="1803" status="PASS">
          <params>
            <param index="0">
              <value>
                <![CDATA[windows]]>
              </value>
            </param>
            <param index="1">
              <value>
                <![CDATA[chrome]]>
              </value>
            </param>
          </params>
          <reporter-output>
          </reporter-output>
        </test-method> <!-- setUp -->
        <test-method signature="verifyLogin()[pri:0, instance:testCases.TestAccountLoginPage_TC002@7d9f158f]" started-at="2025-09-01T01:03:25 BDT" name="verifyLogin" finished-at="2025-09-01T01:03:27 BDT" duration-ms="2190" status="PASS">
          <reporter-output>
          </reporter-output>
        </test-method> <!-- verifyLogin -->
        <test-method is-config="true" signature="tearDown()[pri:0, instance:testCases.TestAccountLoginPage_TC002@7d9f158f]" started-at="2025-09-01T01:03:27 BDT" name="tearDown" finished-at="2025-09-01T01:03:27 BDT" duration-ms="228" status="PASS">
          <reporter-output>
          </reporter-output>
        </test-method> <!-- tearDown -->
      </class> <!-- testCases.TestAccountLoginPage_TC002 -->
      <class name="testCases.DDTestAccountLoginPage_TC006">
        <test-method is-config="true" signature="setUp(java.lang.String,java.lang.String)[pri:0, instance:testCases.DDTestAccountLoginPage_TC006@3214ee6]" started-at="2025-09-01T01:03:38 BDT" name="setUp" finished-at="2025-09-01T01:03:40 BDT" duration-ms="1750" status="PASS">
          <params>
            <param index="0">
              <value>
                <![CDATA[windows]]>
              </value>
            </param>
            <param index="1">
              <value>
                <![CDATA[chrome]]>
              </value>
            </param>
          </params>
          <reporter-output>
          </reporter-output>
        </test-method> <!-- setUp -->
        <test-method signature="verifyDDTestLoginPage(java.lang.String,java.lang.String,java.lang.String)[pri:0, instance:testCases.DDTestAccountLoginPage_TC006@3214ee6]" started-at="2025-09-01T01:03:41 BDT" name="verifyDDTestLoginPage" data-provider="LoginData" finished-at="2025-09-01T01:03:43 BDT" duration-ms="2109" status="PASS">
          <params>
            <param index="0">
              <value>
                <![CDATA[kapesev510@namestal.com]]>
              </value>
            </param>
            <param index="1">
              <value>
                <![CDATA[demo1]]>
              </value>
            </param>
            <param index="2">
              <value>
                <![CDATA[Valid]]>
              </value>
            </param>
          </params>
          <reporter-output>
          </reporter-output>
        </test-method> <!-- verifyDDTestLoginPage -->
        <test-method signature="verifyDDTestLoginPage(java.lang.String,java.lang.String,java.lang.String)[pri:0, instance:testCases.DDTestAccountLoginPage_TC006@3214ee6]" started-at="2025-09-01T01:03:43 BDT" name="verifyDDTestLoginPage" data-provider="LoginData" finished-at="2025-09-01T01:03:46 BDT" duration-ms="2329" status="PASS">
          <params>
            <param index="0">
              <value>
                <![CDATA[aminulislam.mywork@gmail.com]]>
              </value>
            </param>
            <param index="1">
              <value>
                <![CDATA[admin123]]>
              </value>
            </param>
            <param index="2">
              <value>
                <![CDATA[Valid]]>
              </value>
            </param>
          </params>
          <reporter-output>
          </reporter-output>
        </test-method> <!-- verifyDDTestLoginPage -->
        <test-method signature="verifyDDTestLoginPage(java.lang.String,java.lang.String,java.lang.String)[pri:0, instance:testCases.DDTestAccountLoginPage_TC006@3214ee6]" started-at="2025-09-01T01:03:46 BDT" name="verifyDDTestLoginPage" data-provider="LoginData" finished-at="2025-09-01T01:04:17 BDT" duration-ms="31567" status="PASS">
          <params>
            <param index="0">
              <value>
                <![CDATA[rifat@yahoo.com]]>
              </value>
            </param>
            <param index="1">
              <value>
                <![CDATA[Lakshmi]]>
              </value>
            </param>
            <param index="2">
              <value>
                <![CDATA[Invalid]]>
              </value>
            </param>
          </params>
          <reporter-output>
          </reporter-output>
        </test-method> <!-- verifyDDTestLoginPage -->
        <test-method signature="verifyDDTestLoginPage(java.lang.String,java.lang.String,java.lang.String)[pri:0, instance:testCases.DDTestAccountLoginPage_TC006@3214ee6]" started-at="2025-09-01T01:04:17 BDT" name="verifyDDTestLoginPage" data-provider="LoginData" finished-at="2025-09-01T01:04:48 BDT" duration-ms="31228" status="PASS">
          <params>
            <param index="0">
              <value>
                <![CDATA[shakib@yahoo.com]]>
              </value>
            </param>
            <param index="1">
              <value>
                <![CDATA[xyz]]>
              </value>
            </param>
            <param index="2">
              <value>
                <![CDATA[Invalid]]>
              </value>
            </param>
          </params>
          <reporter-output>
          </reporter-output>
        </test-method> <!-- verifyDDTestLoginPage -->
        <test-method signature="verifyDDTestLoginPage(java.lang.String,java.lang.String,java.lang.String)[pri:0, instance:testCases.DDTestAccountLoginPage_TC006@3214ee6]" started-at="2025-09-01T01:04:48 BDT" name="verifyDDTestLoginPage" data-provider="LoginData" finished-at="2025-09-01T01:04:50 BDT" duration-ms="1835" status="PASS">
          <params>
            <param index="0">
              <value>
                <![CDATA[abc123@gmail.com]]>
              </value>
            </param>
            <param index="1">
              <value>
                <![CDATA[test@123]]>
              </value>
            </param>
            <param index="2">
              <value>
                <![CDATA[Valid]]>
              </value>
            </param>
          </params>
          <reporter-output>
          </reporter-output>
        </test-method> <!-- verifyDDTestLoginPage -->
        <test-method signature="verifyDDTestLoginPage(java.lang.String,java.lang.String,java.lang.String)[pri:0, instance:testCases.DDTestAccountLoginPage_TC006@3214ee6]" started-at="2025-09-01T01:04:50 BDT" name="verifyDDTestLoginPage" data-provider="LoginData" finished-at="2025-09-01T01:05:21 BDT" duration-ms="30900" status="PASS">
          <params>
            <param index="0">
              <value>
                <![CDATA[]]>
              </value>
            </param>
            <param index="1">
              <value>
                <![CDATA[test@123]]>
              </value>
            </param>
            <param index="2">
              <value>
                <![CDATA[Invalid]]>
              </value>
            </param>
          </params>
          <reporter-output>
          </reporter-output>
        </test-method> <!-- verifyDDTestLoginPage -->
        <test-method is-config="true" signature="tearDown()[pri:0, instance:testCases.DDTestAccountLoginPage_TC006@3214ee6]" started-at="2025-09-01T01:05:21 BDT" name="tearDown" finished-at="2025-09-01T01:05:21 BDT" duration-ms="264" status="PASS">
          <reporter-output>
          </reporter-output>
        </test-method> <!-- tearDown -->
      </class> <!-- testCases.DDTestAccountLoginPage_TC006 -->
      <class name="testCases.TestSearchProduct_TC004">
        <test-method is-config="true" signature="setUp(java.lang.String,java.lang.String)[pri:0, instance:testCases.TestSearchProduct_TC004@4b8729ff]" started-at="2025-09-01T01:03:32 BDT" name="setUp" finished-at="2025-09-01T01:03:34 BDT" duration-ms="1704" status="PASS">
          <params>
            <param index="0">
              <value>
                <![CDATA[windows]]>
              </value>
            </param>
            <param index="1">
              <value>
                <![CDATA[chrome]]>
              </value>
            </param>
          </params>
          <reporter-output>
          </reporter-output>
        </test-method> <!-- setUp -->
        <test-method signature="verifySearch()[pri:0, instance:testCases.TestSearchProduct_TC004@4b8729ff]" started-at="2025-09-01T01:03:34 BDT" name="verifySearch" finished-at="2025-09-01T01:03:34 BDT" duration-ms="613" status="PASS">
          <reporter-output>
          </reporter-output>
        </test-method> <!-- verifySearch -->
        <test-method is-config="true" signature="tearDown()[pri:0, instance:testCases.TestSearchProduct_TC004@4b8729ff]" started-at="2025-09-01T01:03:34 BDT" name="tearDown" finished-at="2025-09-01T01:03:35 BDT" duration-ms="208" status="PASS">
          <reporter-output>
          </reporter-output>
        </test-method> <!-- tearDown -->
      </class> <!-- testCases.TestSearchProduct_TC004 -->
      <class name="testCases.TestAccountLogoutPage_TC003">
        <test-method is-config="true" signature="setUp(java.lang.String,java.lang.String)[pri:0, instance:testCases.TestAccountLogoutPage_TC003@45efd90f]" started-at="2025-09-01T01:03:27 BDT" name="setUp" finished-at="2025-09-01T01:03:29 BDT" duration-ms="1661" status="PASS">
          <params>
            <param index="0">
              <value>
                <![CDATA[windows]]>
              </value>
            </param>
            <param index="1">
              <value>
                <![CDATA[chrome]]>
              </value>
            </param>
          </params>
          <reporter-output>
          </reporter-output>
        </test-method> <!-- setUp -->
        <test-method signature="verifyLogout()[pri:0, instance:testCases.TestAccountLogoutPage_TC003@45efd90f]" started-at="2025-09-01T01:03:29 BDT" name="verifyLogout" finished-at="2025-09-01T01:03:32 BDT" duration-ms="2940" status="PASS">
          <reporter-output>
          </reporter-output>
        </test-method> <!-- verifyLogout -->
        <test-method is-config="true" signature="tearDown()[pri:0, instance:testCases.TestAccountLogoutPage_TC003@45efd90f]" started-at="2025-09-01T01:03:32 BDT" name="tearDown" finished-at="2025-09-01T01:03:32 BDT" duration-ms="228" status="PASS">
          <reporter-output>
          </reporter-output>
        </test-method> <!-- tearDown -->
      </class> <!-- testCases.TestAccountLogoutPage_TC003 -->
    </test> <!-- Test -->
  </suite> <!-- Suite -->
</testng-results>
